# JRE version: Java(TM) SE Runtime Environment 18.9 (11.0.22+9) (build 11.0.22+9-LTS-219)
# Java VM: Java HotSpot(TM) 64-Bit Server VM 18.9 (11.0.22+9-LTS-219, mixed mode, tiered, compressed oops, g1 gc, windows-amd64)
Heap:
 garbage-first heap   total 131072K, used 24523K [0x0000000081800000, 0x0000000100000000)
  region size 1024K, 20 young (20480K), 5 survivors (5120K)
 Metaspace       used 22877K, capacity 23379K, committed 23728K, reserved 1071104K
  class space    used 2501K, capacity 2757K, committed 2816K, reserved 1048576K
GC Heap History (10 events):
Event: 1.285 GC heap before
{Heap before GC invocations=0 (full 0):
 garbage-first heap   total 131072K, used 29696K [0x0000000081800000, 0x0000000100000000)
  region size 1024K, 24 young (24576K), 0 survivors (0K)
 Metaspace       used 19297K, capacity 19803K, committed 19968K, reserved 1067008K
  class space    used 2079K, capacity 2293K, committed 2304K, reserved 1048576K
}
Event: 1.295 GC heap after
{Heap after GC invocations=1 (full 0):
 garbage-first heap   total 131072K, used 9064K [0x0000000081800000, 0x0000000100000000)
  region size 1024K, 3 young (3072K), 3 survivors (3072K)
 Metaspace       used 19297K, capacity 19803K, committed 19968K, reserved 1067008K
  class space    used 2079K, capacity 2293K, committed 2304K, reserved 1048576K
}
Event: 14.097 GC heap before
{Heap before GC invocations=1 (full 0):
 garbage-first heap   total 131072K, used 83816K [0x0000000081800000, 0x0000000100000000)
  region size 1024K, 76 young (77824K), 3 survivors (3072K)
 Metaspace       used 20098K, capacity 20540K, committed 20864K, reserved 1067008K
  class space    used 2116K, capacity 2325K, committed 2432K, reserved 1048576K
}
Event: 14.102 GC heap after
{Heap after GC invocations=2 (full 0):
 garbage-first heap   total 131072K, used 9469K [0x0000000081800000, 0x0000000100000000)
  region size 1024K, 4 young (4096K), 4 survivors (4096K)
 Metaspace       used 20098K, capacity 20540K, committed 20864K, reserved 1067008K
  class space    used 2116K, capacity 2325K, committed 2432K, reserved 1048576K
}
Event: 20.845 GC heap before
{Heap before GC invocations=2 (full 0):
 garbage-first heap   total 131072K, used 83197K [0x0000000081800000, 0x0000000100000000)
  region size 1024K, 76 young (77824K), 4 survivors (4096K)
 Metaspace       used 20387K, capacity 20860K, committed 21120K, reserved 1069056K
  class space    used 2117K, capacity 2325K, committed 2432K, reserved 1048576K
}
Event: 20.849 GC heap after
{Heap after GC invocations=3 (full 0):
 garbage-first heap   total 131072K, used 9349K [0x0000000081800000, 0x0000000100000000)
  region size 1024K, 4 young (4096K), 4 survivors (4096K)
 Metaspace       used 20387K, capacity 20860K, committed 21120K, reserved 1069056K
  class space    used 2117K, capacity 2325K, committed 2432K, reserved 1048576K
}
Event: 20.964 GC heap before
{Heap before GC invocations=3 (full 0):
 garbage-first heap   total 131072K, used 28805K [0x0000000081800000, 0x0000000100000000)
  region size 1024K, 24 young (24576K), 4 survivors (4096K)
 Metaspace       used 20718K, capacity 21216K, committed 21296K, reserved 1069056K
  class space    used 2174K, capacity 2421K, committed 2432K, reserved 1048576K
}
Event: 20.969 GC heap after
{Heap after GC invocations=4 (full 0):
 garbage-first heap   total 131072K, used 9423K [0x0000000081800000, 0x0000000100000000)
  region size 1024K, 4 young (4096K), 4 survivors (4096K)
 Metaspace       used 20718K, capacity 21216K, committed 21296K, reserved 1069056K
  class space    used 2174K, capacity 2421K, committed 2432K, reserved 1048576K
}
Event: 21.525 GC heap before
{Heap before GC invocations=5 (full 0):
 garbage-first heap   total 131072K, used 83151K [0x0000000081800000, 0x0000000100000000)
  region size 1024K, 76 young (77824K), 4 survivors (4096K)
 Metaspace       used 22627K, capacity 23155K, committed 23472K, reserved 1071104K
  class space    used 2481K, capacity 2725K, committed 2816K, reserved 1048576K
}
Event: 21.531 GC heap after
{Heap after GC invocations=6 (full 0):
 garbage-first heap   total 131072K, used 10187K [0x0000000081800000, 0x0000000100000000)
  region size 1024K, 5 young (5120K), 5 survivors (5120K)
 Metaspace       used 22627K, capacity 23155K, committed 23472K, reserved 1071104K
  class space    used 2481K, capacity 2725K, committed 2816K, reserved 1048576K
}

